0 verbose cli /usr/local/bin/node /usr/local/bin/npm
1 info using npm@9.6.1
2 info using node@v18.15.0
3 timing npm:load:whichnode Completed in 1ms
4 timing config:load:defaults Completed in 1ms
5 timing config:load:file:/usr/local/lib/node_modules/npm/npmrc Completed in 1ms
6 timing config:load:builtin Completed in 1ms
7 timing config:load:cli Completed in 1ms
8 timing config:load:env Completed in 0ms
9 timing config:load:file:/Users/sebastian/Projects/time.codebar/.npmrc Completed in 0ms
10 timing config:load:project Completed in 1ms
11 timing config:load:file:/Users/sebastian/.npmrc Completed in 2ms
12 timing config:load:user Completed in 2ms
13 timing config:load:file:/usr/local/etc/npmrc Completed in 0ms
14 timing config:load:global Completed in 0ms
15 timing config:load:setEnvs Completed in 0ms
16 timing config:load Completed in 6ms
17 timing npm:load:configload Completed in 6ms
18 timing npm:load:mkdirpcache Completed in 1ms
19 timing npm:load:mkdirplogs Completed in 0ms
20 verbose title npm install
21 verbose argv "install" "--package-lock-only" "--ignore-scripts" "--no-audit" "--fund" "false" "--cache" ".npm-cache"
22 timing npm:load:setTitle Completed in 0ms
23 timing config:load:flatten Completed in 1ms
24 timing npm:load:display Completed in 2ms
25 verbose logfile logs-max:10 dir:/Users/sebastian/Projects/time.codebar/.npm-cache/_logs/2025-10-20T10_30_28_837Z-
26 verbose logfile /Users/sebastian/Projects/time.codebar/.npm-cache/_logs/2025-10-20T10_30_28_837Z-debug-0.log
27 timing npm:load:logFile Completed in 2ms
28 timing npm:load:timers Completed in 0ms
29 timing npm:load:configScope Completed in 0ms
30 timing npm:load Completed in 12ms
31 timing arborist:ctor Completed in 0ms
32 silly logfile done cleaning log files
33 timing idealTree:init Completed in 108ms
34 timing idealTree:userRequests Completed in 0ms
35 silly idealTree buildDeps
36 silly fetch manifest eslint-config-prettier@^9.1.0
37 silly fetch manifest eslint-plugin-vue@^9.30.0
38 silly fetch manifest globals@^15.12.0
39 silly placeDep ROOT eslint-config-prettier@ REPLACE for:  want: ^9.1.0
40 silly placeDep ROOT eslint-plugin-vue@ REPLACE for:  want: ^9.30.0
41 warn ERESOLVE overriding peer dependency {
41 warn ERESOLVE   code: 'ERESOLVE',
41 warn ERESOLVE   edge: {
41 warn ERESOLVE     type: 'peer',
41 warn ERESOLVE     name: 'eslint-plugin-vue',
41 warn ERESOLVE     spec: '^9.28.0 || ^10.0.0',
41 warn ERESOLVE     from: {
41 warn ERESOLVE       name: '@vue/eslint-config-typescript',
41 warn ERESOLVE       version: '14.6.0',
41 warn ERESOLVE       location: 'node_modules/@vue/eslint-config-typescript',
41 warn ERESOLVE       isWorkspace: false,
41 warn ERESOLVE       dependents: [Array]
41 warn ERESOLVE     }
41 warn ERESOLVE   },
41 warn ERESOLVE   dep: {
41 warn ERESOLVE     name: 'eslint-plugin-vue',
41 warn ERESOLVE     version: undefined,
41 warn ERESOLVE     errors: [ [FetchError] ],
41 warn ERESOLVE     package: {},
41 warn ERESOLVE     whileInstalling: {
41 warn ERESOLVE       name: undefined,
41 warn ERESOLVE       version: undefined,
41 warn ERESOLVE       path: '/Users/sebastian/Projects/time.codebar'
41 warn ERESOLVE     },
41 warn ERESOLVE     location: 'node_modules/eslint-plugin-vue',
41 warn ERESOLVE     isWorkspace: false,
41 warn ERESOLVE     dependents: [ [Object] ]
41 warn ERESOLVE   },
41 warn ERESOLVE   force: false,
41 warn ERESOLVE   isMine: true,
41 warn ERESOLVE   strictPeerDeps: false,
41 warn ERESOLVE   current: {
41 warn ERESOLVE     name: 'eslint-plugin-vue',
41 warn ERESOLVE     version: '10.5.1',
41 warn ERESOLVE     location: 'node_modules/eslint-plugin-vue',
41 warn ERESOLVE     isWorkspace: false,
41 warn ERESOLVE     dependents: [ [Object], [Object] ]
41 warn ERESOLVE   }
41 warn ERESOLVE }
42 silly placeDep ROOT globals@ REPLACE for:  want: ^15.12.0
43 timing idealTree:#root Completed in 210107ms
44 timing idealTree:node_modules/@eslint/eslintrc Completed in 0ms
45 silly fetch manifest eslint-plugin-prettier@^5.2.2
46 silly placeDep node_modules/@vue/eslint-config-prettier eslint-plugin-prettier@ OK for: @vue/eslint-config-prettier@10.2.0 want: ^5.2.2
47 timing idealTree:node_modules/@vue/eslint-config-prettier Completed in 70015ms
48 timing idealTree:node_modules/eslint-config-prettier Completed in 0ms
49 timing idealTree:node_modules/eslint-plugin-vue Completed in 0ms
50 timing idealTree:node_modules/globals Completed in 0ms
51 timing idealTree:node_modules/@vue/eslint-config-prettier/node_modules/eslint-plugin-prettier Completed in 0ms
52 timing idealTree:buildDeps Completed in 280123ms
53 timing idealTree:fixDepFlags Completed in 4ms
54 timing idealTree Completed in 280236ms
55 timing command:install Completed in 280238ms
56 verbose type system
57 verbose stack FetchError: request to https://registry.npmjs.org/eslint-config-prettier failed, reason: getaddrinfo ENOTFOUND registry.npmjs.org
57 verbose stack     at ClientRequest.<anonymous> (/usr/local/lib/node_modules/npm/node_modules/minipass-fetch/lib/index.js:130:14)
57 verbose stack     at ClientRequest.emit (node:events:513:28)
57 verbose stack     at TLSSocket.socketErrorListener (node:_http_client:502:9)
57 verbose stack     at TLSSocket.emit (node:events:525:35)
57 verbose stack     at emitErrorNT (node:internal/streams/destroy:151:8)
57 verbose stack     at emitErrorCloseNT (node:internal/streams/destroy:116:3)
57 verbose stack     at process.processTicksAndRejections (node:internal/process/task_queues:82:21)
58 verbose cwd /Users/sebastian/Projects/time.codebar
59 verbose Darwin 24.6.0
60 verbose node v18.15.0
61 verbose npm  v9.6.1
62 error code ENOTFOUND
63 error syscall getaddrinfo
64 error errno ENOTFOUND
65 error network request to https://registry.npmjs.org/eslint-config-prettier failed, reason: getaddrinfo ENOTFOUND registry.npmjs.org
66 error network This is a problem related to network connectivity.
66 error network In most cases you are behind a proxy or have bad network settings.
66 error network
66 error network If you are behind a proxy, please make sure that the
66 error network 'proxy' config is set properly.  See: 'npm help config'
67 verbose exit 1
68 timing npm Completed in 280257ms
69 verbose unfinished npm timer reify 1760956228855
70 verbose unfinished npm timer reify:loadTrees 1760956228855
71 verbose code 1
72 error A complete log of this run can be found in:
72 error     /Users/sebastian/Projects/time.codebar/.npm-cache/_logs/2025-10-20T10_30_28_837Z-debug-0.log
